Drill report for /home/harry/work/xmp16-03/XMP16-03.brd
Created on Wed 26 Sep 2012 11:24:18 BST
Selected Drill Unit: Imperial (")

Drill report for through holes :
T1  0.008"  0.20mm  (918 holes)
T2  0.012"  0.30mm  (174 holes)
T3  0.020"  0.50mm  (13 holes)
T4  0.032"  0.80mm  (13 holes)
T5  0.039"  1.00mm  (27 holes)
T6  0.040"  1.02mm  (48 holes)
T7  0.047"  1.20mm  (3 holes)  (with 3 oblongs)

total plated holes count 1196


Drill report for buried and blind vias :

Drill report for holes from layer Back to layer PWR

total plated holes count 0


Drill report for holes from layer PWR to layer GND

total plated holes count 0


Drill report for holes from layer GND to layer Front

total plated holes count 0


Drill report for Not Plated through holes :
T1  0.118"  3.00mm  (7 holes)

total Not Plated holes count 7


